2025-03-26 18:06:44,172 - root - INFO - ETL Process Initializing...
2025-03-26 18:06:44,172 - root - INFO - Extracting data...
2025-03-26 18:06:44,451 - root - INFO - Yay! Data extracted successfully!
2025-03-26 18:06:44,451 - root - INFO - Transforming data...
2025-03-26 18:06:44,892 - root - INFO - Gotcha! Data transformed successfully!
2025-03-26 18:06:44,892 - root - INFO - Loading data...
2025-03-26 18:06:48,937 - root - INFO - Yahoo! Data loaded successfully!
2025-03-26 18:06:48,938 - root - INFO - Validating data...
2025-03-26 18:06:49,215 - root - ERROR - Error validating data: Data mismatch in CSV file
2025-03-26 18:06:58,989 - root - INFO - ETL Process Initializing...
2025-03-26 18:06:58,989 - root - INFO - Extracting data...
2025-03-26 18:06:59,244 - root - INFO - Yay! Data extracted successfully!
2025-03-26 18:06:59,244 - root - INFO - Transforming data...
2025-03-26 18:06:59,692 - root - INFO - Gotcha! Data transformed successfully!
2025-03-26 18:06:59,692 - root - INFO - Loading data...
2025-03-26 18:07:03,807 - root - INFO - Yahoo! Data loaded successfully!
2025-03-26 18:07:03,807 - root - INFO - Validating data...
2025-03-26 18:07:04,071 - root - ERROR - Error validating data: Data mismatch in CSV file
2025-03-26 18:07:04,071 - root - INFO - ETL Process Completed!
2025-03-26 18:10:22,258 - root - INFO - ETL Process Initializing...
2025-03-26 18:10:22,258 - root - INFO - Extracting data...
2025-03-26 18:10:22,515 - root - INFO - Yay! Data extracted successfully!
2025-03-26 18:10:22,516 - root - INFO - Transforming data...
2025-03-26 18:10:22,976 - root - INFO - Gotcha! Data transformed successfully!
2025-03-26 18:10:22,976 - root - INFO - Loading data...
2025-03-26 18:10:27,616 - root - INFO - Yahoo! Data loaded successfully!
2025-03-26 18:10:27,617 - root - INFO - Validating data...
2025-03-26 18:10:28,318 - root - ERROR - Error validating data: Data mismatch in CSV file: Empty DataFrame
Columns: []
Index: []
2025-03-26 18:10:28,318 - root - INFO - ETL Process Completed!
2025-03-26 18:13:28,755 - root - INFO - ETL Process Initializing...
2025-03-26 18:13:28,755 - root - INFO - Extracting data...
2025-03-26 18:13:29,012 - root - INFO - Yay! Data extracted successfully!
2025-03-26 18:13:29,012 - root - INFO - Transforming data...
2025-03-26 18:13:29,470 - root - INFO - Gotcha! Data transformed successfully!
2025-03-26 18:13:29,470 - root - INFO - Loading data...
2025-03-26 18:13:34,101 - root - INFO - Yahoo! Data loaded successfully!
2025-03-26 18:13:34,101 - root - INFO - Validating data...
2025-03-26 18:13:34,633 - root - ERROR - Error validating data: The truth value of a DataFrame is ambiguous. Use a.empty, a.bool(), a.item(), a.any() or a.all().
2025-03-26 18:13:34,633 - root - INFO - ETL Process Completed!
